-------------------
CSE247 Robot tester starts testing simple on 2020-03-03 08:15:07 -0600

========
Testing in ./GradingRepos/repos/cse247-s20-students-lab1-sayali7242: simple as of 2020-02-01 00:01
========
Now in: /mnt/c/Users/coles/git/cse247/cse247-s20-support/GradingRepos/repos/cse247-s20-students-lab1-sayali7242
Your branch is up to date with 'origin/master'.
HEAD is now at 88688c2 robograde
No local changes to save

Updating 88688c2..1278b79
Fast-forward
 RoboGrade/simple-test.TestSimple.txt | 6 +++---
 1 file changed, 3 insertions(+), 3 deletions(-)
Going back in time to: 2020-02-01 00:01
At hash 805a874aec3ec3156ac4d61f74bb65ddfa7cabb8

Buildfile: /mnt/c/Users/coles/git/cse247/cse247-s20-support/build.xml

copytest:
     [echo] would copy from /mnt/c/Users/coles/git/cse247/cse247-s20-tas-labs-source/ key sayali7242 testfilesource test/TestSimple package simple repo ./GradingRepos/repos/cse247-s20-students-lab1-sayali7242
     [copy] Copying 1 file to /mnt/c/Users/coles/git/cse247/cse247-s20-support/GradingRepos/repos/cse247-s20-students-lab1-sayali7242/labs/simple/test

BUILD SUCCESSFUL
Total time: 0 seconds
Compiling the code
Buildfile: /mnt/c/Users/coles/git/cse247/cse247-s20-support/build.xml

compile:
     [echo] Compiling simple/Simple
    [mkdir] Created dir: /mnt/c/Users/coles/git/cse247/cse247-s20-support/GradingRepos/repos/cse247-s20-students-lab1-sayali7242/bin
    [javac] Compiling 1 source file to /mnt/c/Users/coles/git/cse247/cse247-s20-support/GradingRepos/repos/cse247-s20-students-lab1-sayali7242/bin

BUILD SUCCESSFUL
Total time: 0 seconds
Buildfile: /mnt/c/Users/coles/git/cse247/cse247-s20-support/build.xml

compile:
     [echo] Compiling simple/test/TestSimple
    [javac] Compiling 1 source file to /mnt/c/Users/coles/git/cse247/cse247-s20-support/GradingRepos/repos/cse247-s20-students-lab1-sayali7242/bin

BUILD SUCCESSFUL
Total time: 0 seconds
Running test test.TestSimple
Buildfile: /mnt/c/Users/coles/git/cse247/cse247-s20-support/build.xml

test:
    [junit] Running simple.test.TestSimple
    [junit] Testsuite: simple.test.TestSimple
    [junit] Tests run: 1, Failures: 1, Errors: 0, Skipped: 0, Time elapsed: 0.03 sec
    [junit] Tests run: 1, Failures: 1, Errors: 0, Skipped: 0, Time elapsed: 0.03 sec
    [junit] 
    [junit] Testcase: testSimple took 0.005 sec
    [junit] 	FAILED
    [junit] Value gotten from object does not match value put in expected:<247> but was:<0>
    [junit] junit.framework.AssertionFailedError: Value gotten from object does not match value put in expected:<247> but was:<0>
    [junit] 	at simple.test.TestSimple.testSimple(TestSimple.java:15)
    [junit] 	at java.base/jdk.internal.reflect.NativeMethodAccessorImpl.invoke0(Native Method)
    [junit] 	at java.base/jdk.internal.reflect.NativeMethodAccessorImpl.invoke(NativeMethodAccessorImpl.java:62)
    [junit] 	at java.base/jdk.internal.reflect.DelegatingMethodAccessorImpl.invoke(DelegatingMethodAccessorImpl.java:43)
    [junit] 

BUILD FAILED
/mnt/c/Users/coles/git/cse247/cse247-s20-support/build.xml:31: Test simple.test.TestSimple failed

Total time: 0 seconds
========
Testing in ./GradingRepos/repos/cse247-s20-students-lab1-sayali7242: simple as of 2020-02-08 00:01
========
Now in: /mnt/c/Users/coles/git/cse247/cse247-s20-support/GradingRepos/repos/cse247-s20-students-lab1-sayali7242
Your branch is up to date with 'origin/master'.
HEAD is now at 1278b79 robograde
No local changes to save

Already up to date.
Going back in time to: 2020-02-08 00:01
At hash abb48aac6c0128e63dfdd1a85af4d822ca75b57b

Buildfile: /mnt/c/Users/coles/git/cse247/cse247-s20-support/build.xml

copytest:
     [echo] would copy from /mnt/c/Users/coles/git/cse247/cse247-s20-tas-labs-source/ key sayali7242 testfilesource test/TestSimple package simple repo ./GradingRepos/repos/cse247-s20-students-lab1-sayali7242
     [copy] Copying 1 file to /mnt/c/Users/coles/git/cse247/cse247-s20-support/GradingRepos/repos/cse247-s20-students-lab1-sayali7242/labs/simple/test

BUILD SUCCESSFUL
Total time: 0 seconds
Compiling the code
Buildfile: /mnt/c/Users/coles/git/cse247/cse247-s20-support/build.xml

compile:
     [echo] Compiling simple/Simple
    [mkdir] Created dir: /mnt/c/Users/coles/git/cse247/cse247-s20-support/GradingRepos/repos/cse247-s20-students-lab1-sayali7242/bin
    [javac] Compiling 1 source file to /mnt/c/Users/coles/git/cse247/cse247-s20-support/GradingRepos/repos/cse247-s20-students-lab1-sayali7242/bin

BUILD SUCCESSFUL
Total time: 0 seconds
Buildfile: /mnt/c/Users/coles/git/cse247/cse247-s20-support/build.xml

compile:
     [echo] Compiling simple/test/TestSimple
    [javac] Compiling 1 source file to /mnt/c/Users/coles/git/cse247/cse247-s20-support/GradingRepos/repos/cse247-s20-students-lab1-sayali7242/bin

BUILD SUCCESSFUL
Total time: 0 seconds
Running test test.TestSimple
Buildfile: /mnt/c/Users/coles/git/cse247/cse247-s20-support/build.xml

test:
    [junit] Running simple.test.TestSimple
    [junit] Testsuite: simple.test.TestSimple
    [junit] Tests run: 1, Failures: 0, Errors: 0, Skipped: 0, Time elapsed: 0.02 sec
    [junit] Tests run: 1, Failures: 0, Errors: 0, Skipped: 0, Time elapsed: 0.02 sec
    [junit] 
    [junit] Testcase: testSimple took 0.002 sec

BUILD SUCCESSFUL
Total time: 0 seconds
================
Lab is counted as working
================

CSE247 Robot tester ends testing simple on 2020-03-03 08:15:37 -0600
-------------------
